"../../../Engine/Content/Animation/DefaultAnimCurveCompressionSettings.uasset" 0
"../../../Engine/Content/ArtTools/RenderToTexture/Enums/RenderToTexture_Enum.uasset" 1
"../../../Engine/Content/ArtTools/RenderToTexture/Enums/RenderToTexture_Flipbook_Enum.uasset" 2
"../../../Engine/Content/ArtTools/RenderToTexture/Enums/RenderToTexture_Imposter_Enum.uasset" 3
"../../../Engine/Content/EditorBlueprintResources/StandardMacros.uasset" 4
"../../../Engine/Content/ArtTools/RenderToTexture/Enums/EIntTypes.uasset" 5
"../../../Engine/Content/ArtTools/RenderToTexture/Macros/RenderToTextureFunctionLibrary.uasset" 6
"../../../Engine/Content/ArtTools/RenderToTexture/Enums/EFloatTypes.uasset" 7
"../../../Engine/Content/ArtTools/RenderToTexture/Macros/RenderToTextureMacros.uasset" 8
"../../../Engine/Content/Functions/Engine_MaterialFunctions01/Opacity/CameraDepthFade.uasset" 9
"../../../Engine/Content/EngineMaterials/T_Default_Material_Grid_M.uasset" 10
"../../../Engine/Content/EngineMaterials/T_Default_Material_Grid_N.uasset" 11
"../../../Engine/Content/EngineMaterials/WorldGridMaterial.uasset" 12
"../../../Engine/Content/ArtTools/RenderToTexture/Meshes/S_1_Unit_Plane.uasset" 13
"../../../Engine/Content/BasicShapes/BasicShapeMaterial.uasset" 14
"../../../Engine/Content/EngineMaterials/DefaultPhysicalMaterial.uasset" 15
"../../../Engine/Content/BufferVisualization/AmbientOcclusion.uasset" 16
"../../../Engine/Content/BufferVisualization/BaseColor.uasset" 17
"../../../Engine/Content/BufferVisualization/CustomDepth.uasset" 18
"../../../Engine/Content/Functions/Engine_MaterialFunctions02/Utility/VectorLength.uasset" 19
"../../../Engine/Content/BufferVisualization/CustomDepthWorldUnits.uasset" 20
"../../../Engine/Content/Functions/Engine_MaterialFunctions02/Utility/BreakOutFloat2Components.uasset" 21
"../../../Engine/Content/Functions/Engine_MaterialFunctions01/Texturing/ScaleUVsByCenter.uasset" 22
"../../../Engine/Content/Functions/Engine_MaterialFunctions02/ScreenResolution.uasset" 23
"../../../Engine/Content/Functions/Engine_MaterialFunctions02/Texturing/ScreenAlignedUVs.uasset" 24
"../../../Engine/Content/Functions/Engine_MaterialFunctions02/Utility/MakeFloat2.uasset" 25
"../../../Engine/Content/Functions/Engine_MaterialFunctions02/Utility/MakeFloat3.uasset" 26
"../../../Engine/Content/EngineMaterials/MiniFont.uasset" 27
"../../../Engine/Content/BufferVisualization/CustomStencil.uasset" 28
"../../../Engine/Content/BufferVisualization/FinalImage.uasset" 29
"../../../Engine/Content/BufferVisualization/LightingModel.uasset" 30
"../../../Engine/Content/BufferVisualization/MaterialAO.uasset" 31
"../../../Engine/Content/BufferVisualization/Metallic.uasset" 32
"../../../Engine/Content/BufferVisualization/Opacity.uasset" 33
"../../../Engine/Content/BufferVisualization/PostTonemapHDRColor.uasset" 34
"../../../Engine/Content/BufferVisualization/PreTonemapHDRColor.uasset" 35
"../../../Engine/Content/BufferVisualization/Roughness.uasset" 36
"../../../Engine/Content/BufferVisualization/SceneColor.uasset" 37
"../../../Engine/Content/BufferVisualization/SceneDepth.uasset" 38
"../../../Engine/Content/BufferVisualization/SceneDepthWorldUnits.uasset" 39
"../../../Engine/Content/BufferVisualization/SeparateTranslucencyA.uasset" 40
"../../../Engine/Content/BufferVisualization/SeparateTranslucencyRGB.uasset" 41
"../../../Engine/Content/BufferVisualization/Specular.uasset" 42
"../../../Engine/Content/BufferVisualization/SubsurfaceColor.uasset" 43
"../../../Engine/Content/BufferVisualization/Velocity.uasset" 44
"../../../Engine/Content/BufferVisualization/WorldNormal.uasset" 45
"../../../Engine/Content/EditorBlueprintResources/ActorMacros.uasset" 46
"../../../Engine/Content/EditorLandscapeResources/DataLayer.uasset" 47
"../../../Engine/Content/EditorLandscapeResources/DefaultAlphaTexture.uasset" 48
"../../../Engine/Content/EditorLandscapeResources/LandscapeGizmoHeight_Mat.uasset" 49
"../../../Engine/Content/EditorLandscapeResources/LandscapeGizmo_Mat.uasset" 50
"../../../Engine/Content/EditorLandscapeResources/LandscapeGizmo_Mat_Copied.uasset" 51
"../../../Engine/Content/EditorLandscapeResources/SplineEditorMeshMat.uasset" 52
"../../../Engine/Content/EditorLandscapeResources/SplineEditorMesh.uasset" 53
"../../../Engine/Content/EditorMaterials/Cross.uasset" 54
"../../../Engine/Content/EditorMaterials/Cross_Mat.uasset" 55
"../../../Engine/Content/EngineMaterials/DefaultDiffuse.uasset" 56
"../../../Engine/Content/Functions/Engine_MaterialFunctions01/Texturing/TextureCropping.uasset" 57
"../../../Engine/Content/Functions/Engine_MaterialFunctions01/Texturing/ComputeMipLevel.uasset" 58
"../../../Engine/Content/Functions/Engine_MaterialFunctions02/ExampleContent/DebugNumberStrip.uasset" 59
"../../../Engine/Content/Functions/Engine_MaterialFunctions02/ExampleContent/Textures/DebugNumberPeriod.uasset" 60
"../../../Engine/Content/Functions/Engine_MaterialFunctions02/Utility/DebugScalarValues.uasset" 61
"../../../Engine/Content/Functions/Engine_MaterialFunctions02/Utility/DebugFloat2Values.uasset" 62
"../../../Engine/Content/Functions/Engine_MaterialFunctions02/ExampleContent/Textures/flipbook.uasset" 63
"../../../Engine/Content/Functions/Engine_MaterialFunctions02/Texturing/FlipBook.uasset" 64
"../../../Engine/Content/Functions/Engine_MaterialFunctions02/Utility/Sign.uasset" 65
"../../../Engine/Content/Functions/Engine_MaterialFunctions02/Utility/Round.uasset" 66
"../../../Engine/Content/EditorResources/T_EditorHelp.uasset" 67
"../../../Engine/Content/EditorMaterials/HelpActorMaterial.uasset" 68
"../../../Engine/Content/EditorMaterials/CompositeARGBLayer.uasset" 69
"../../../Engine/Content/EditorMaterials/TilingAALineIntegral.uasset" 70
"../../../Engine/Content/EditorMaterials/TilingAALineBoxFiltered.uasset" 71
"../../../Engine/Content/Functions/Engine_MaterialFunctions03/Procedurals/ComputeFilterWidth.uasset" 72
"../../../Engine/Content/EditorMaterials/TilingAADots.uasset" 73
"../../../Engine/Content/EngineMaterials/BlendFunc_DefBase.uasset" 74
"../../../Engine/Content/EngineMaterials/BlendFunc_DefBlend.uasset" 75
"../../../Engine/Content/Functions/Engine_MaterialFunctions03/Blends/Blend_Screen.uasset" 76
"../../../Engine/Content/EditorMaterials/TilingAAGrid.uasset" 77
"../../../Engine/Content/EditorMaterials/LevelGridMaterial.uasset" 78
"../../../Engine/Content/EditorMaterials/MakeCompositeARGBLayer.uasset" 79
"../../../Engine/Content/EditorResources/LevelGrid1DStripes.uasset" 80
"../../../Engine/Content/EditorMaterials/TextureGridCascaded1D.uasset" 81
"../../../Engine/Content/EditorMaterials/TextureGridCascaded2D.uasset" 82
"../../../Engine/Content/EditorMaterials/LevelGridMaterial2.uasset" 83
"../../../Engine/Content/EditorMaterials/MAT_Groups_Toggle.uasset" 84
"../../../Engine/Content/EditorMaterials/MAT_Groups_Visibility.uasset" 85
"../../../Engine/Content/EditorMaterials/AntialiasedGridFloor.uasset" 86
"../../../Engine/Content/EditorResources/TilePatine_D.uasset" 87
"../../../Engine/Content/EditorResources/TilePatine_N.uasset" 88
"../../../Engine/Content/EngineMaterials/Grid.uasset" 89
"../../../Engine/Content/EditorMaterials/PersonaFloorMat.uasset" 90
"../../../Engine/Content/EditorMaterials/PhAT_BoneSelectedMaterial.uasset" 91
"../../../Engine/Content/EditorMaterials/PhAT_ElemSelectedMaterial.uasset" 92
"../../../Engine/Content/EditorMaterials/PhAT_NoCollisionMaterial.uasset" 93
"../../../Engine/Content/EditorMaterials/PhAT_UnselectedMaterial.uasset" 94
"../../../Engine/Content/EditorMaterials/PreviewShadowIndicator.uasset" 95
"../../../Engine/Content/EditorMaterials/PreviewShadowIndicatorMaterial.uasset" 96
"../../../Engine/Content/EditorMaterials/TargetIcon.uasset" 97
"../../../Engine/Content/EditorMaterials/Tick.uasset" 98
"../../../Engine/Content/EditorMaterials/Tick_Mat.uasset" 99
"../../../Engine/Content/EditorMaterials/WidgetGridVertexColorMaterial.uasset" 100
"../../../Engine/Content/EditorMaterials/WidgetGridVertexColorMaterial_Ma.uasset" 101
"../../../Engine/Content/EditorMaterials/WidgetMaterial.uasset" 102
"../../../Engine/Content/EditorMaterials/WidgetMaterial_Current.uasset" 103
"../../../Engine/Content/EditorMaterials/WidgetMaterial_X.uasset" 104
"../../../Engine/Content/EditorMaterials/WidgetMaterial_Y.uasset" 105
"../../../Engine/Content/EditorMaterials/WidgetMaterial_Z.uasset" 106
"../../../Engine/Content/EditorMaterials/WidgetVertexColorMaterial.uasset" 107
"../../../Engine/Content/MapTemplates/Sky/SunsetAmbientCubemap.uasset" 108
"../../../Engine/Content/EditorMaterials/AssetViewer/M_SkyBox.uasset" 109
"../../../Engine/Content/EditorMaterials/Cascade/CASC_Cross.uasset" 110
"../../../Engine/Content/EditorMaterials/Cascade/CASC_CurveEd.uasset" 111
"../../../Engine/Content/EditorMaterials/Cascade/CASC_DisabledModule.uasset" 112
"../../../Engine/Content/EditorMaterials/Cascade/CASC_Lights.uasset" 113
"../../../Engine/Content/EditorMaterials/Cascade/CASC_ModuleDisable.uasset" 114
"../../../Engine/Content/EditorMaterials/Cascade/CASC_ModuleEnable.uasset" 115
"../../../Engine/Content/EditorMaterials/Cascade/CASC_None.uasset" 116
"../../../Engine/Content/EditorMaterials/Cascade/CASC_Normal.uasset" 117
"../../../Engine/Content/EditorMaterials/Cascade/CASC_Point.uasset" 118
"../../../Engine/Content/EditorMaterials/Cascade/CASC_Solo_Off.uasset" 119
"../../../Engine/Content/EditorMaterials/Cascade/CASC_Solo_On.uasset" 120
"../../../Engine/Content/EditorMaterials/MatineeGroups/MAT_ColorTrack.uasset" 121
"../../../Engine/Content/EditorMaterials/MatineeGroups/MAT_Groups_Anim.uasset" 122
"../../../Engine/Content/EditorMaterials/MatineeGroups/MAT_Groups_AudioMaster.uasset" 123
"../../../Engine/Content/EditorMaterials/MatineeGroups/MAT_Groups_Director.uasset" 124
"../../../Engine/Content/EditorMaterials/MatineeGroups/MAT_Groups_Event.uasset" 125
"../../../Engine/Content/EditorMaterials/MatineeGroups/MAT_Groups_Fade.uasset" 126
"../../../Engine/Content/EditorMaterials/MatineeGroups/MAT_Groups_Float.uasset" 127
"../../../Engine/Content/EditorMaterials/MatineeGroups/MAT_Groups_Move.uasset" 128
"../../../Engine/Content/EditorMaterials/MatineeGroups/MAT_Groups_Slomo.uasset" 129
"../../../Engine/Content/EditorMaterials/MatineeGroups/MAT_Groups_Sound.uasset" 130
"../../../Engine/Content/EditorMaterials/MatineeGroups/MAT_Groups_Vector.uasset" 131
"../../../Engine/Content/EditorMaterials/ParticleSystems/PSysThumbnail_NoImage.uasset" 132
"../../../Engine/Content/EditorMaterials/ParticleSystems/PSysThumbnail_OOD.uasset" 133
"../../../Engine/Content/EditorMaterials/Thumbnails/FloorPlaneMaterial.uasset" 134
"../../../Engine/Content/EngineMaterials/DefaultMaterial.uasset" 135
"../../../Engine/Content/EditorMeshes/AnimTreeEd_PreviewFloor.uasset" 136
"../../../Engine/Content/EditorMeshes/EditorCube.uasset" 137
"../../../Engine/Content/EditorMeshes/EditorCylinder.uasset" 138
"../../../Engine/Content/EditorMeshes/EditorPlane.uasset" 139
"../../../Engine/Content/EditorMaterials/Thumbnails/SkySphereMaterial.uasset" 140
"../../../Engine/Content/EditorMeshes/EditorSkySphere.uasset" 141
"../../../Engine/Content/EditorMeshes/EditorSphere.uasset" 142
"../../../Engine/Content/EditorResources/MatineeCam_D.uasset" 143
"../../../Engine/Content/EditorMaterials/MatineeCam_mat.uasset" 144
"../../../Engine/Content/EditorMeshes/MatineeCam_SM.uasset" 145
"../../../Engine/Content/Functions/Engine_MaterialFunctions01/Shading/ConvertFromDiffSpec.uasset" 146
"../../../Engine/Content/EditorMaterials/GridMaterial.uasset" 147
"../../../Engine/Content/EditorMeshes/PhAT_FloorBox.uasset" 148
"../../../Engine/Content/EditorMeshes/PlanarReflectionPlane.uasset" 149
"../../../Engine/Content/EditorMeshes/AssetViewer/Floor_Mesh.uasset" 150
"../../../Engine/Content/EditorMeshes/AssetViewer/Sphere_inversenormals.uasset" 151
"../../../Engine/Content/EditorMaterials/Camera/CineMat.uasset" 152
"../../../Engine/Content/EditorMaterials/Camera/MI_CineMat_CameraBody.uasset" 153
"../../../Engine/Content/EngineDebugMaterials/M_SimpleOpaque.uasset" 154
"../../../Engine/Content/EditorMaterials/Camera/MI_CineMat_CamViewFinder.uasset" 155
"../../../Engine/Content/EditorMeshes/Camera/SM_CineCam.uasset" 156
"../../../Engine/Content/EditorMaterials/Camera/MI_CineMat_Rig.uasset" 157
"../../../Engine/Content/EditorMeshes/Camera/SM_CraneRig_Arm.uasset" 158
"../../../Engine/Content/EditorMeshes/Camera/SM_CraneRig_Base.uasset" 159
"../../../Engine/Content/EditorMeshes/Camera/SM_CraneRig_Body.uasset" 160
"../../../Engine/Content/EditorMeshes/Camera/SM_CraneRig_Mount.uasset" 161
"../../../Engine/Content/EditorMeshes/Camera/SM_RailRig_Mount.uasset" 162
"../../../Engine/Content/EditorMeshes/Camera/SM_RailRig_Track.uasset" 163
"../../../Engine/Content/EditorMeshes/ColorCalibrator/M_ChromeBall.uasset" 164
"../../../Engine/Content/EditorResources/Bad.uasset" 165
"../../../Engine/Content/EditorResources/BadBlueprintSprite.uasset" 166
"../../../Engine/Content/EditorResources/BSPVertex.uasset" 167
"../../../Engine/Content/EditorResources/EmptyActor.uasset" 168
"../../../Engine/Content/EditorResources/MatInstActSprite.uasset" 169
"../../../Engine/Content/EditorResources/SceneManager.uasset" 170
"../../../Engine/Content/EditorResources/SmallFont.uasset" 171
"../../../Engine/Content/EditorResources/S_Actor.uasset" 172
"../../../Engine/Content/EditorResources/S_CameraShakeSource.uasset" 173
"../../../Engine/Content/EditorResources/S_DecalActorIcon.uasset" 174
"../../../Engine/Content/EditorResources/S_Emitter.uasset" 175
"../../../Engine/Content/EditorResources/S_ExpoHeightFog.uasset" 176
"../../../Engine/Content/EditorResources/S_FTest.uasset" 177
"../../../Engine/Content/EditorResources/S_KBSJoint.uasset" 178
"../../../Engine/Content/EditorResources/S_KHinge.uasset" 179
"../../../Engine/Content/EditorResources/S_KPrismatic.uasset" 180
"../../../Engine/Content/EditorResources/S_LevelSequence.uasset" 181
"../../../Engine/Content/EditorResources/S_NavP.uasset" 182
"../../../Engine/Content/EditorResources/S_Note.uasset" 183
"../../../Engine/Content/EditorResources/S_Player.uasset" 184
"../../../Engine/Content/EditorResources/S_PortalActorIcon2.uasset" 185
"../../../Engine/Content/EditorResources/S_RadForce.uasset" 186
"../../../Engine/Content/EditorResources/S_ReflActorIcon.uasset" 187
"../../../Engine/Content/EditorResources/S_SkyAtmosphere.uasset" 188
"../../../Engine/Content/EditorResources/S_Solver.uasset" 189
"../../../Engine/Content/EditorResources/S_Terrain.uasset" 190
"../../../Engine/Content/EditorResources/S_TextRenderActorIcon.uasset" 191
"../../../Engine/Content/EditorResources/S_Thruster.uasset" 192
"../../../Engine/Content/EditorResources/S_Trigger.uasset" 193
"../../../Engine/Content/EditorResources/S_VectorFieldVol.uasset" 194
"../../../Engine/Content/EditorResources/S_WindDirectional.uasset" 195
"../../../Engine/Content/EditorResources/AI/S_NavLink.uasset" 196
"../../../Engine/Content/EditorResources/LightIcons/SkyLight.uasset" 197
"../../../Engine/Content/EditorResources/LightIcons/S_LightDirectional.uasset" 198
"../../../Engine/Content/EditorResources/LightIcons/S_LightDirectionalMove.uasset" 199
"../../../Engine/Content/EditorResources/LightIcons/S_LightError.uasset" 200
"../../../Engine/Content/EditorResources/LightIcons/S_LightPoint.uasset" 201
"../../../Engine/Content/EditorResources/LightIcons/S_LightPointMove.uasset" 202
"../../../Engine/Content/EditorResources/LightIcons/S_LightSpot.uasset" 203
"../../../Engine/Content/EditorResources/LightIcons/S_LightSpotMove.uasset" 204
"../../../Engine/Content/EditorResources/SequenceRecorder/Countdown.uasset" 205
"../../../Engine/Content/EditorResources/SequenceRecorder/RecordingIndicator.uasset" 206
"../../../Engine/Content/EditorResources/Spline/T_Loft_Spline.uasset" 207
"../../../Engine/Content/EditorSounds/Notifications/CompileFailed.uasset" 208
"../../../Engine/Content/EditorSounds/Notifications/CompileFailed_Cue.uasset" 209
"../../../Engine/Content/EditorSounds/Notifications/CompileSuccess.uasset" 210
"../../../Engine/Content/EditorSounds/Notifications/CompileStart_Cue.uasset" 211
"../../../Engine/Content/EditorSounds/Notifications/CompileSuccess_Cue.uasset" 212
"../../../Engine/Content/EngineDamageTypes/DmgTypeBP_Environmental.uasset" 213
"../../../Engine/Content/EngineDebugMaterials/HeatmapGradient.uasset" 214
"../../../Engine/Content/EngineDebugMaterials/BoneWeightMaterial.uasset" 215
"../../../Engine/Content/EngineDebugMaterials/ClothMaterial.uasset" 216
"../../../Engine/Content/EngineDebugMaterials/ClothMaterial_WF.uasset" 217
"../../../Engine/Content/EngineDebugMaterials/DebugEditorMaterial.uasset" 218
"../../../Engine/Content/EngineDebugMaterials/DebugMeshMaterial.uasset" 219
"../../../Engine/Content/EngineDebugMaterials/GeomMaterial.uasset" 220
"../../../Engine/Content/EngineDebugMaterials/LevelColorationLitMaterial.uasset" 221
"../../../Engine/Content/EngineDebugMaterials/LevelColorationUnlitMaterial.uasset" 222
"../../../Engine/Content/EngineMaterials/DefaultWhiteGrid.uasset" 223
"../../../Engine/Content/EngineDebugMaterials/MAT_LevelColorationLitLightmapUV.uasset" 224
"../../../Engine/Content/EngineDebugMaterials/M_SimpleUnlitTranslucent.uasset" 225
"../../../Engine/Content/Functions/Engine_MaterialFunctions02/Utility/CameraDirectionVector.uasset" 226
"../../../Engine/Content/EngineDebugMaterials/VolumeToRender.uasset" 227
"../../../Engine/Content/EngineDebugMaterials/M_VolumeRenderSphereTracePP.uasset" 228
"../../../Engine/Content/EngineMaterials/DefaultWhiteGrid_Low.uasset" 229
"../../../Engine/Content/EngineDebugMaterials/PhysicalMaterialMaskMaterial.uasset" 230
"../../../Engine/Content/EngineDebugMaterials/ShadedLevelColorationLitMaterial.uasset" 231
"../../../Engine/Content/EngineDebugMaterials/ShadedLevelColorationUnlitMateri.uasset" 232
"../../../Engine/Content/EngineDebugMaterials/VertexColorMaterial.uasset" 233
"../../../Engine/Content/EngineDebugMaterials/VertexColorViewMode_AlphaAsColor.uasset" 234
"../../../Engine/Content/EngineDebugMaterials/VertexColorViewMode_BlueOnly.uasset" 235
"../../../Engine/Content/EngineDebugMaterials/VertexColorViewMode_ColorOnly.uasset" 236
"../../../Engine/Content/EngineDebugMaterials/VertexColorViewMode_GreenOnly.uasset" 237
"../../../Engine/Content/EngineDebugMaterials/VertexColorViewMode_RedOnly.uasset" 238
"../../../Engine/Content/EngineDebugMaterials/WireframeMaterial.uasset" 239
"../../../Engine/Content/EngineFonts/Faces/DroidSansFallback.uasset" 240
"../../../Engine/Content/EngineFonts/Faces/RobotoBold.uasset" 241
"../../../Engine/Content/EngineFonts/Faces/RobotoBoldItalic.uasset" 242
"../../../Engine/Content/EngineFonts/Faces/RobotoItalic.uasset" 243
"../../../Engine/Content/EngineFonts/Faces/RobotoLight.uasset" 244
"../../../Engine/Content/EngineFonts/Faces/RobotoRegular.uasset" 245
"../../../Engine/Content/EngineFonts/Roboto.uasset" 246
"../../../Engine/Content/EngineFonts/Faces/RobotoTiny.uasset" 247
"../../../Engine/Content/EngineFonts/RobotoTiny.uasset" 248
"../../../Engine/Content/EngineFonts/SmallFont.uasset" 249
"../../../Engine/Content/EngineFonts/TinyFont.uasset" 250
"../../../Engine/Content/EngineMaterials/BaseFlattenDiffuseMap.uasset" 251
"../../../Engine/Content/EngineMaterials/BaseFlattenEmissiveMap.uasset" 252
"../../../Engine/Content/EngineMaterials/BaseFlattenGrayscaleMap.uasset" 253
"../../../Engine/Content/EngineMaterials/BaseFlattenNormalMap.uasset" 254
"../../../Engine/Content/EngineMaterials/BaseFlattenMaterial.uasset" 255
"../../../Engine/Content/EngineResources/WhiteSquareTexture.uasset" 256
"../../../Engine/Content/EngineMaterials/BlinkingCaret.uasset" 257
"../../../Engine/Content/EngineMaterials/BlueNoise.uasset" 258
"../../../Engine/Content/EngineMaterials/DefaultBloomKernel.uasset" 259
"../../../Engine/Content/EngineMaterials/DefaultBokeh.uasset" 260
"../../../Engine/Content/EngineMaterials/DefaultDeferredDecalMaterial.uasset" 261
"../../../Engine/Content/EngineMaterials/DefaultLightFunctionMaterial.uasset" 262
"../../../Engine/Content/EngineMaterials/DefaultNormal.uasset" 263
"../../../Engine/Content/EngineMaterials/DefaultPostProcessMaterial.uasset" 264
"../../../Engine/Content/EngineFonts/RobotoDistanceField.uasset" 265
"../../../Engine/Content/EngineMaterials/DefaultTextMaterialOpaque.uasset" 266
"../../../Engine/Content/EngineMaterials/EditorBrushMaterial.uasset" 267
"../../../Engine/Content/EngineMaterials/EmissiveMeshMaterial.uasset" 268
"../../../Engine/Content/EngineMaterials/GizmoMaterial.uasset" 269
"../../../Engine/Content/EngineMaterials/Good64x64TilingNoiseHighFreq.uasset" 270
"../../../Engine/Content/EngineMaterials/Grid_N.uasset" 271
"../../../Engine/Content/EngineMaterials/HighResolutionScreenshotMaskFunction.uasset" 272
"../../../Engine/Content/EngineMaterials/HighResScreenshot.uasset" 273
"../../../Engine/Content/EngineMaterials/HighResScreenshotCaptureRegion.uasset" 274
"../../../Engine/Content/EngineMaterials/HighResScreenshotMask.uasset" 275
"../../../Engine/Content/EngineMaterials/LandscapeHolePhysicalMaterial.uasset" 276
"../../../Engine/Content/EngineMaterials/InvalidLightmapSettings.uasset" 277
"../../../Engine/Content/EngineMaterials/M_InvalidLightmapSettings.uasset" 278
"../../../Engine/Content/EngineMaterials/PaperDiffuse.uasset" 279
"../../../Engine/Content/EngineMaterials/PaperNormal.uasset" 280
"../../../Engine/Content/Functions/Engine_MaterialFunctions02/WorldPositionOffset/CameraOffset.uasset" 281
"../../../Engine/Content/EngineMaterials/PhAT_JointLimitMaterial.uasset" 282
"../../../Engine/Content/EngineMaterials/PhysMat_Rubber.uasset" 283
"../../../Engine/Content/EngineMaterials/PreintegratedSkinBRDF.uasset" 284
"../../../Engine/Content/EngineMaterials/RemoveSurfaceMaterial.uasset" 285
"../../../Engine/Content/EngineMaterials/VolumeTextureThumbnailMaterial.uasset" 286
"../../../Engine/Content/EngineMaterials/WeightMapPlaceholderTexture.uasset" 287
"../../../Engine/Content/Functions/Engine_MaterialFunctions01/ImageAdjustment/sRGBToLinear.uasset" 288
"../../../Engine/Content/Functions/Engine_MaterialFunctions02/Utility/BreakOutFloat3Components.uasset" 289
"../../../Engine/Content/EngineMaterials/Widget3DCameraPassThrough_Opaque_OneSided.uasset" 290
"../../../Engine/Content/EngineMaterials/Widget3DPassThrough.uasset" 291
"../../../Engine/Content/EngineMaterials/Widget3DPassThrough_Masked.uasset" 292
"../../../Engine/Content/EngineMaterials/Widget3DPassThrough_Opaque.uasset" 293
"../../../Engine/Content/EngineMaterials/Widget3DPassThrough_Masked_OneSided.uasset" 294
"../../../Engine/Content/EngineMaterials/Widget3DPassThrough_Opaque_OneSided.uasset" 295
"../../../Engine/Content/EngineMaterials/Widget3DPassThrough_Translucent.uasset" 296
"../../../Engine/Content/EngineMaterials/Widget3DPassThrough_Translucent_OneSided.uasset" 297
"../../../Engine/Content/EngineMeshes/Cylinder.uasset" 298
"../../../Engine/Content/EngineMeshes/Sphere.uasset" 299
"../../../Engine/Content/EngineResources/Black.uasset" 300
"../../../Engine/Content/EngineResources/DefaultTexture.uasset" 301
"../../../Engine/Content/EngineResources/DefaultTextureCube.uasset" 302
"../../../Engine/Content/EngineResources/DefaultVolumeTexture2D.uasset" 303
"../../../Engine/Content/EngineResources/DefaultVolumeTexture.uasset" 304
"../../../Engine/Content/EngineResources/GradientTexture0.uasset" 305
"../../../Engine/Content/EngineResources/StreamingPauseIcon.uasset" 306
"../../../Engine/Content/EngineResources/M_StreamingPause.uasset" 307
"../../../Engine/Content/EngineSounds/Master.uasset" 308
"../../../Engine/Content/Functions/Engine_MaterialFunctions01/Shading/PowerToRoughness.uasset" 309
"../../../Engine/Content/Maps/Entry_BuiltData.uasset" 310
"../../../Engine/Content/Maps/Templates/Thumbnails/Default.uasset" 311
"../../../Engine/Content/Maps/Templates/Thumbnails/VR-Basic.uasset" 312
"../../../Engine/Content/MapTemplates/Sky/DaylightAmbientCubemap.uasset" 313
"../../../Engine/Content/MobileResources/T_MobileControls_texture.uasset" 314
"../../../Engine/Content/MobileResources/T_MobileMenu2.uasset" 315
"../../../Engine/Content/MobileResources/HUD/AnalogHat.uasset" 316
"../../../Engine/Content/MobileResources/HUD/VirtualJoystick_Background.uasset" 317
"../../../Engine/Content/MobileResources/HUD/VirtualJoystick_Thumb.uasset" 318
"../../../Engine/Content/MobileResources/HUD/DefaultVirtualJoysticks.uasset" 319
"../../../Engine/Content/MobileResources/HUD/LeftVirtualJoystickOnly.uasset" 320
"../../../Engine/Content/MobileResources/HUD/MobileHUDButton1_off.uasset" 321
"../../../Engine/Content/MobileResources/HUD/MobileHUDButton1_on.uasset" 322
"../../../Engine/Content/MobileResources/HUD/MobileHUDButton2_off.uasset" 323
"../../../Engine/Content/MobileResources/HUD/MobileHUDButton2_on.uasset" 324
"../../../Engine/Content/MobileResources/HUD/MobileHUDButton3.uasset" 325
"../../../Engine/Content/MobileResources/HUD/MobileHUDButtonFire.uasset" 326
"../../../Engine/Content/MobileResources/HUD/MobileHUDDirectionPad.uasset" 327
"../../../Engine/Content/MobileResources/HUD/MobileHUDDirectionPad2.uasset" 328
"../../../Engine/Content/MobileResources/HUD/MobileHUDDirectionPad3.uasset" 329
"../../../Engine/Content/MobileResources/HUD/MobileHUDDirectionStick.uasset" 330
"../../../Engine/Content/MobileResources/HUD/T_Castle_ThumbstickInner.uasset" 331
"../../../Engine/Content/MobileResources/HUD/T_Castle_ThumbstickOutter.uasset" 332
"../../../Engine/Content/Tutorial/ContentIntroCurve.uasset" 333
"../../../Engine/Content/Tutorial/Basics/LevelEditorAttract.uasset" 334
"../../../Engine/Content/Tutorial/Basics/TutorialAssets/icon_tab_Levels_40x.uasset" 335
"../../../Engine/Content/Tutorial/Basics/LevelEditorOverview.uasset" 336
"../../../Engine/Content/Tutorial/BlueprintTutorials/TutorialAssets/Blueprint_64x.uasset" 337
"../../../Engine/Content/Tutorial/BlueprintTutorials/BlueprintEditorTutorial.uasset" 338
"../../../Engine/Content/Tutorial/BlueprintTutorials/LevelBlueprintEditorOverview.uasset" 339
"../../../Engine/Content/Tutorial/BlueprintTutorials/TutorialAssets/Tutorial_BP_MacroLib.uasset" 340
"../../../Engine/Content/Tutorial/SubEditors/MaterialEditorTutorial.uasset" 341
"../../../Engine/Content/Tutorial/SubEditors/ParticleSystemEditorTutorial.uasset" 342
"../../../Engine/Content/Tutorial/SubEditors/TutorialAssets/TutorialMaterial.uasset" 343
"../../../Engine/Content/Tutorial/SubEditors/TutorialAssets/T_SmokeSubUV_8X8.uasset" 344
"../../../Engine/Content/Tutorial/SubEditors/TutorialAssets/T_soft_smoke.uasset" 345
"../../../Engine/Content/Tutorial/SubEditors/TutorialAssets/M_smoke_subUV_blackbody.uasset" 346
"../../../Engine/Content/Tutorial/SubEditors/TutorialAssets/TutorialParticleSystem.uasset" 347
"../../../Engine/Content/VREditor/LaserPointer/VR_LaserPower_01.uasset" 348
"../../../Engine/Content/VREditor/TransformGizmo/TransformGizmoMaterial.uasset" 349
"../../../Engine/Content/VREditor/TransformGizmo/TranslucentTransformGizmoMaterial.uasset" 350
"../../../Engine/Content/VREditor/TransformGizmo/BoundingBoxCorner.uasset" 351
"../../../Engine/Content/VREditor/TransformGizmo/BoundingBoxEdge.uasset" 352
"../../../Engine/Content/VREditor/TransformGizmo/PlaneTranslationHandle.uasset" 353
"../../../Engine/Content/VREditor/TransformGizmo/Main.uasset" 354
"../../../Engine/Content/VREditor/TransformGizmo/Xray.uasset" 355
"../../../Engine/Content/VREditor/TransformGizmo/SM_Sequencer_Key.uasset" 356
"../../../Engine/Content/VREditor/TransformGizmo/SM_Sequencer_Node.uasset" 357
"F:/_GITHUB/Unreal_ToyStory/GreenStorm/Content/_GreenStorm/_imports/_Pictures/25416897647a22c72cdad5ef518ae627.uasset" 358
"F:/_GITHUB/Unreal_ToyStory/GreenStorm/Content/_GreenStorm/_imports/_Pictures/25416897647a22c72cdad5ef518ae627_Mat1.uasset" 359
"F:/_GITHUB/Unreal_ToyStory/GreenStorm/Content/_TPS_Base/Geometry/Meshes/CubeMaterial.uasset" 360
"F:/_GITHUB/Unreal_ToyStory/GreenStorm/Content/_TPS_Base/StarterContent/Textures/T_Concrete_Grime_D.uasset" 361
"F:/_GITHUB/Unreal_ToyStory/GreenStorm/Content/_TPS_Base/StarterContent/Textures/T_MacroVariation.uasset" 362
"F:/_GITHUB/Unreal_ToyStory/GreenStorm/Content/_TPS_Base/StarterContent/Textures/T_Metal_Rust_N.uasset" 363
"F:/_GITHUB/Unreal_ToyStory/GreenStorm/Content/_TPS_Base/StarterContent/Textures/T_Perlin_Noise_M.uasset" 364
"F:/_GITHUB/Unreal_ToyStory/GreenStorm/Content/_TPS_Base/StarterContent/Materials/M_Concrete_Grime.uasset" 365
"F:/_GITHUB/Unreal_ToyStory/GreenStorm/Content/_TPS_Base/StarterContent/Textures/T_Concrete_Panels_D.uasset" 366
"F:/_GITHUB/Unreal_ToyStory/GreenStorm/Content/_TPS_Base/StarterContent/Textures/T_Concrete_Panels_N.uasset" 367
"F:/_GITHUB/Unreal_ToyStory/GreenStorm/Content/_TPS_Base/StarterContent/Materials/M_Concrete_Panels.uasset" 368
"F:/_GITHUB/Unreal_ToyStory/GreenStorm/Content/_TPS_Base/StarterContent/Textures/T_Concrete_Poured_D.uasset" 369
"F:/_GITHUB/Unreal_ToyStory/GreenStorm/Content/_TPS_Base/StarterContent/Textures/T_Concrete_Poured_N.uasset" 370
"F:/_GITHUB/Unreal_ToyStory/GreenStorm/Content/_TPS_Base/StarterContent/Materials/M_Concrete_Poured.uasset" 371
"F:/_GITHUB/Unreal_ToyStory/GreenStorm/Content/_TPS_Base/StarterContent/Textures/T_Concrete_Tiles_D.uasset" 372
"F:/_GITHUB/Unreal_ToyStory/GreenStorm/Content/_TPS_Base/StarterContent/Textures/T_Concrete_Tiles_M.uasset" 373
"F:/_GITHUB/Unreal_ToyStory/GreenStorm/Content/_TPS_Base/StarterContent/Textures/T_Concrete_Tiles_N.uasset" 374
"F:/_GITHUB/Unreal_ToyStory/GreenStorm/Content/_TPS_Base/StarterContent/Textures/T_Concrete_Tiles_Variation_M.uasset" 375
"F:/_GITHUB/Unreal_ToyStory/GreenStorm/Content/_TPS_Base/StarterContent/Materials/M_Concrete_Tiles.uasset" 376
"F:/_GITHUB/Unreal_ToyStory/GreenStorm/Content/_TPS_Base/StarterContent/Textures/T_Ground_Grass_D.uasset" 377
"F:/_GITHUB/Unreal_ToyStory/GreenStorm/Content/_TPS_Base/StarterContent/Textures/T_Ground_Grass_N.uasset" 378
"F:/_GITHUB/Unreal_ToyStory/GreenStorm/Content/_TPS_Base/StarterContent/Materials/M_Ground_Grass.uasset" 379
"F:/_GITHUB/Unreal_ToyStory/GreenStorm/Content/_TPS_Base/StarterContent/Textures/T_Ground_Gravel_D.uasset" 380
"F:/_GITHUB/Unreal_ToyStory/GreenStorm/Content/_TPS_Base/StarterContent/Textures/T_Ground_Gravel_N.uasset" 381
"F:/_GITHUB/Unreal_ToyStory/GreenStorm/Content/_TPS_Base/StarterContent/Materials/M_Ground_Gravel.uasset" 382
"F:/_GITHUB/Unreal_ToyStory/GreenStorm/Content/_TPS_Base/StarterContent/Textures/T_ground_Moss_D.uasset" 383
"F:/_GITHUB/Unreal_ToyStory/GreenStorm/Content/_TPS_Base/StarterContent/Textures/T_Ground_Moss_N.uasset" 384
"F:/_GITHUB/Unreal_ToyStory/GreenStorm/Content/_TPS_Base/StarterContent/Materials/M_Ground_Moss.uasset" 385
"F:/_GITHUB/Unreal_ToyStory/GreenStorm/Content/_TPS_Base/StarterContent/Textures/T_Metal_Copper_D.uasset" 386
"F:/_GITHUB/Unreal_ToyStory/GreenStorm/Content/_TPS_Base/StarterContent/Textures/T_Metal_Gold_N.uasset" 387
"F:/_GITHUB/Unreal_ToyStory/GreenStorm/Content/_TPS_Base/StarterContent/Materials/M_Metal_Copper.uasset" 388
"F:/_GITHUB/Unreal_ToyStory/GreenStorm/Content/_TPS_Base/StarterContent/Textures/T_Metal_Gold_D.uasset" 389
"F:/_GITHUB/Unreal_ToyStory/GreenStorm/Content/_TPS_Base/StarterContent/Materials/M_Metal_Gold.uasset" 390
"../../../Engine/Content/Functions/Engine_MaterialFunctions02/Utility/BlendAngleCorrectedNormals.uasset" 391
"F:/_GITHUB/Unreal_ToyStory/GreenStorm/Content/_TPS_Base/StarterContent/Textures/T_Metal_Rust_D.uasset" 392
"F:/_GITHUB/Unreal_ToyStory/GreenStorm/Content/_TPS_Base/StarterContent/Materials/M_Metal_Rust.uasset" 393
"F:/_GITHUB/Unreal_ToyStory/GreenStorm/Content/_TPS_Base/StarterContent/Textures/T_Metal_Steel_D.uasset" 394
"F:/_GITHUB/Unreal_ToyStory/GreenStorm/Content/_TPS_Base/StarterContent/Textures/T_Metal_Steel_N.uasset" 395
"F:/_GITHUB/Unreal_ToyStory/GreenStorm/Content/_TPS_Base/StarterContent/Materials/M_Metal_Steel.uasset" 396
"F:/_GITHUB/Unreal_ToyStory/GreenStorm/Content/_TPS_Base/StarterContent/Textures/T_Rock_Basalt_D.uasset" 397
"F:/_GITHUB/Unreal_ToyStory/GreenStorm/Content/_TPS_Base/StarterContent/Textures/T_Rock_Basalt_N.uasset" 398
"F:/_GITHUB/Unreal_ToyStory/GreenStorm/Content/_TPS_Base/StarterContent/Materials/M_Rock_Basalt.uasset" 399
"F:/_GITHUB/Unreal_ToyStory/GreenStorm/Content/_TPS_Base/StarterContent/Textures/T_Rock_Slate_D.uasset" 400
"F:/_GITHUB/Unreal_ToyStory/GreenStorm/Content/_TPS_Base/StarterContent/Textures/T_Rock_Slate_N.uasset" 401
"F:/_GITHUB/Unreal_ToyStory/GreenStorm/Content/_TPS_Base/StarterContent/Materials/M_Rock_Slate.uasset" 402
"F:/_GITHUB/Unreal_ToyStory/GreenStorm/Content/_TPS_Base/StarterContent/Textures/T_Checker_Noise_M.uasset" 403
"F:/_GITHUB/Unreal_ToyStory/GreenStorm/Content/_TPS_Base/StarterContent/Textures/T_Single_Tile_N.uasset" 404
"F:/_GITHUB/Unreal_ToyStory/GreenStorm/Content/_TPS_Base/StarterContent/Textures/T_Tech_Dot_M.uasset" 405
"F:/_GITHUB/Unreal_ToyStory/GreenStorm/Content/_TPS_Base/StarterContent/Textures/T_Tech_Dot_N.uasset" 406
"F:/_GITHUB/Unreal_ToyStory/GreenStorm/Content/_TPS_Base/StarterContent/Materials/M_Tech_Checker_Dot.uasset" 407
"F:/_GITHUB/Unreal_ToyStory/GreenStorm/Content/_TPS_Base/StarterContent/Textures/T_Wood_Floor_Walnut_D.uasset" 408
"F:/_GITHUB/Unreal_ToyStory/GreenStorm/Content/_TPS_Base/StarterContent/Textures/T_Wood_Floor_Walnut_M.uasset" 409
"F:/_GITHUB/Unreal_ToyStory/GreenStorm/Content/_TPS_Base/StarterContent/Textures/T_Wood_Floor_Walnut_N.uasset" 410
"F:/_GITHUB/Unreal_ToyStory/GreenStorm/Content/_TPS_Base/StarterContent/Materials/M_Wood_Floor_Walnut_Polished.uasset" 411
"../../../Engine/Content/Functions/Engine_MaterialFunctions01/Opacity/AlphaOffset.uasset" 412
"F:/_GITHUB/Unreal_ToyStory/GreenStorm/Content/_TPS_Base/StarterContent/Materials/M_Wood_Floor_Walnut_Worn.uasset" 413
"F:/_GITHUB/Unreal_ToyStory/GreenStorm/Content/_TPS_Base/StarterContent/Textures/T_Detail_Rocky_N.uasset" 414
"F:/_GITHUB/Unreal_ToyStory/GreenStorm/Content/_TPS_Base/StarterContent/Textures/T_RockMesh_M.uasset" 415
"F:/_GITHUB/Unreal_ToyStory/GreenStorm/Content/_TPS_Base/StarterContent/Textures/T_RockMesh_N.uasset" 416
"F:/_GITHUB/Unreal_ToyStory/GreenStorm/Content/_TPS_Base/StarterContent/Props/Materials/M_Rock.uasset" 417
"../../Plugins/2D/Paper2D/Content/PlaceholderTextures/DummySpriteTexture.uasset" 418
"../../Plugins/2D/Paper2D/Content/DummySprite.uasset" 419
"../../Plugins/2D/Paper2D/Content/DefaultPaperTerrainMaterial.uasset" 420
"../../Plugins/2D/Paper2D/Content/DefaultSpriteMaterial.uasset" 421
"../../Plugins/2D/Paper2D/Content/MaskedUnlitSpriteMaterial.uasset" 422
"../../Plugins/2D/Paper2D/Content/OpaqueUnlitSpriteMaterial.uasset" 423
"../../Plugins/FX/Niagara/Content/Enums/ENiagaraAnimTrailWidthMode.uasset" 424
"../../Plugins/FX/Niagara/Content/Enums/ENiagaraBoneSamplingMode.uasset" 425
"../../Plugins/FX/Niagara/Content/Enums/ENiagaraBoneSocketSamplingMode.uasset" 426
"../../Plugins/FX/Niagara/Content/Enums/ENiagaraBooleanLogicOps.uasset" 427
"../../Plugins/FX/Niagara/Content/Enums/ENiagaraBooleanLogicOps_v2.uasset" 428
"../../Plugins/FX/Niagara/Content/Enums/ENiagaraCalculateRadiusOptions.uasset" 429
"../../Plugins/FX/Niagara/Content/Enums/ENiagaraChannelCorrelation.uasset" 430
"../../Plugins/FX/Niagara/Content/Enums/ENiagaraCollisionRadiusOptions.uasset" 431
"../../Plugins/FX/Niagara/Content/Enums/ENiagaraCoordinateSpace.uasset" 432
"../../Plugins/FX/Niagara/Content/Enums/ENiagaraCurlNoiseQuality.uasset" 433
"../../Plugins/FX/Niagara/Content/Enums/ENiagaraEmitterLifeCycleMode.uasset" 434
"../../Plugins/FX/Niagara/Content/Enums/ENiagaraEmitterScalabilityMode.uasset" 435
"../../Plugins/FX/Niagara/Content/Enums/ENiagaraEmitterScalabilityMode_Limited.uasset" 436
"../../Plugins/FX/Niagara/Content/Enums/ENiagaraExecutionStateManagement.uasset" 437
"../../Plugins/FX/Niagara/Content/Enums/ENiagaraExpansionMode.uasset" 438
"../../Plugins/FX/Niagara/Content/Enums/ENiagaraFrictionMergeType.uasset" 439
"../../Plugins/FX/Niagara/Content/Enums/ENiagaraGPUDepthResponseType.uasset" 440
"../../Plugins/FX/Niagara/Content/Enums/ENiagaraGridPlacementType.uasset" 441
"../../Plugins/FX/Niagara/Content/Enums/ENiagaraInactiveMode.uasset" 442
"../../Plugins/FX/Niagara/Content/Enums/ENiagaraKillVolumeOptions.uasset" 443
"../../Plugins/FX/Niagara/Content/Enums/ENiagaraLinearColor_Channels.uasset" 444
"../../Plugins/FX/Niagara/Content/Enums/ENiagaraMassByVolume.uasset" 445
"../../Plugins/FX/Niagara/Content/Enums/ENiagaraMassCalculationForRendererTypes.uasset" 446
"../../Plugins/FX/Niagara/Content/Enums/ENiagaraMeshOrSprite.uasset" 447
"../../Plugins/FX/Niagara/Content/Enums/ENiagaraMeshSamplingMode.uasset" 448
"../../Plugins/FX/Niagara/Content/Enums/ENiagaraMeshSurfaceSamplingMode.uasset" 449
"../../Plugins/FX/Niagara/Content/Enums/ENiagaraMeshTransforms.uasset" 450
"../../Plugins/FX/Niagara/Content/Enums/ENiagaraMinOrMax.uasset" 451
"../../Plugins/FX/Niagara/Content/Enums/ENiagaraOrientationAxis.uasset" 452
"../../Plugins/FX/Niagara/Content/Enums/ENiagaraRandomnessMode.uasset" 453
"../../Plugins/FX/Niagara/Content/Enums/ENiagaraRestitutionMergeType.uasset" 454
"../../Plugins/FX/Niagara/Content/Enums/ENiagaraScaleColorMode.uasset" 455
"../../Plugins/FX/Niagara/Content/Enums/ENiagaraSimulationTarget.uasset" 456
"../../Plugins/FX/Niagara/Content/Enums/ENiagaraSkeletalSpawning.uasset" 457
"../../Plugins/FX/Niagara/Content/Enums/ENiagaraSkelSamplingFilteringMode.uasset" 458
"../../Plugins/FX/Niagara/Content/Enums/ENiagaraSkelSamplingModeFull.uasset" 459
"../../Plugins/FX/Niagara/Content/Enums/ENiagaraSocketSamplingMode.uasset" 460
"../../Plugins/FX/Niagara/Content/Enums/ENiagaraSUbUVAnimationMode.uasset" 461
"../../Plugins/FX/Niagara/Content/Enums/ENiagaraSystemInactiveMode.uasset" 462
"../../Plugins/FX/Niagara/Content/Enums/ENiagaraTorusDistributionMode.uasset" 463
"../../Plugins/FX/Niagara/Content/Enums/ENiagaraTorusMode.uasset" 464
"../../Plugins/FX/Niagara/Content/Enums/ENiagaraTriangleSamplingMode.uasset" 465
"../../Plugins/FX/Niagara/Content/Enums/ENiagaraVector2_Channels.uasset" 466
"../../Plugins/FX/Niagara/Content/Enums/ENiagaraVector3_Channels.uasset" 467
"../../Plugins/FX/Niagara/Content/Enums/ENiagaraVector4_Channels.uasset" 468
"../../Plugins/FX/Niagara/Content/Enums/ENiagaraVertexFilteringMode.uasset" 469
"../../Plugins/FX/Niagara/Content/Enums/ENiagaraVertexSamplingMode.uasset" 470
"../../Plugins/FX/Niagara/Content/Enums/ENiagara_CameraMeshOrientation.uasset" 471
"../../Plugins/FX/Niagara/Content/Enums/ENiagara_CameraProperties.uasset" 472
"../../Plugins/FX/Niagara/Content/Enums/ENiagara_CollisionType.uasset" 473
"../../Plugins/FX/Niagara/Content/Enums/ENiagara_CPUCollisionType.uasset" 474
"../../Plugins/FX/Niagara/Content/Enums/ENiagara_EmitterStateOptions.uasset" 475
"../../Plugins/FX/Niagara/Content/Enums/ENiagara_Float4Channel.uasset" 476
"../../Plugins/FX/Niagara/Content/Enums/ENiagara_GPUCollisionType.uasset" 477
"../../Plugins/FX/Niagara/Content/Enums/ENiagara_InfiniteLoopDuration.uasset" 478
"../../Plugins/FX/Niagara/Content/Icons/S_ParticleSystem.uasset" 479
"../../../Engine/Content/Functions/Engine_MaterialFunctions02/Utility/BreakOutFloat4Components.uasset" 480
"../../Plugins/Runtime/Oculus/OculusVR/Content/Materials/OculusMR_ChromaKey.uasset" 481
"../../Plugins/Runtime/Oculus/OculusVR/Content/Materials/OculusMR_ChromaKey_Lit.uasset" 482
"../../Plugins/Runtime/Oculus/OculusVR/Content/Materials/OculusMR_OpaqueColoredMaterial.uasset" 483
"../../Plugins/Runtime/Oculus/OculusVR/Content/Materials/OculusMR_WhiteMaterial.uasset" 484
"F:/_GITHUB/Unreal_ToyStory/GreenStorm/Content/_GreenStorm/_UI/MainMenuCam.uasset" 485
"F:/_GITHUB/Unreal_ToyStory/GreenStorm/Content/_TPS_Base/ThirdPersonBP/Blueprints/ThirdPersonGameMode.uasset" 486
"F:/_GITHUB/Unreal_ToyStory/GreenStorm/Content/_GreenStorm/_imports/_Fonts/ArmyStamp.uasset" 487
"F:/_GITHUB/Unreal_ToyStory/GreenStorm/Content/_GreenStorm/_imports/_Fonts/ArmyStamp_Font.uasset" 488
"F:/_GITHUB/Unreal_ToyStory/GreenStorm/Content/_GreenStorm/_imports/_Fonts/Top_Secret.uasset" 489
"F:/_GITHUB/Unreal_ToyStory/GreenStorm/Content/_GreenStorm/_imports/_Fonts/Top_Secret_Font.uasset" 490
"F:/_GITHUB/Unreal_ToyStory/GreenStorm/Content/_GreenStorm/_imports/_Pictures/Toystoryparaimprimir15.uasset" 491
"F:/_GITHUB/Unreal_ToyStory/GreenStorm/Content/_GreenStorm/_UI/_MainMenu.uasset" 492
"F:/_GITHUB/Unreal_ToyStory/GreenStorm/Content/_GreenStorm/_Maps/Menu.umap" 493
"../../../Engine/Content/Animation/DefaultAnimBoneCompressionSettings.uasset" 494
"F:/_GITHUB/Unreal_ToyStory/GreenStorm/Content/_TPS_Base/Mannequin/Character/Mesh/UE4_Mannequin_Skeleton.uasset" 495
"F:/_GITHUB/Unreal_ToyStory/GreenStorm/Content/_TPS_Base/Mannequin/Animations/ThirdPerson_Jump.uasset" 496
"F:/_GITHUB/Unreal_ToyStory/GreenStorm/Content/_TPS_Base/Mannequin/Animations/ThirdPersonJump_Loop.uasset" 497
"F:/_GITHUB/Unreal_ToyStory/GreenStorm/Content/_TPS_Base/Mannequin/Animations/ThirdPersonJump_Start.uasset" 498
"F:/_GITHUB/Unreal_ToyStory/GreenStorm/Content/_TPS_Base/Mannequin/Animations/ThirdPersonIdle.uasset" 499
"F:/_GITHUB/Unreal_ToyStory/GreenStorm/Content/_TPS_Base/Mannequin/Animations/ThirdPersonRun.uasset" 500
"F:/_GITHUB/Unreal_ToyStory/GreenStorm/Content/_TPS_Base/Mannequin/Animations/ThirdPersonWalk.uasset" 501
"F:/_GITHUB/Unreal_ToyStory/GreenStorm/Content/_TPS_Base/Mannequin/Animations/ThirdPerson_IdleRun_2D.uasset" 502
"F:/_GITHUB/Unreal_ToyStory/GreenStorm/Content/_TPS_Base/Mannequin/Animations/ThirdPerson_AnimBP.uasset" 503
"F:/_GITHUB/Unreal_ToyStory/GreenStorm/Content/_GreenStorm/_Characters/_SoldiersJumpers/BB_AI_Jumper.uasset" 504
"F:/_GITHUB/Unreal_ToyStory/GreenStorm/Content/_GreenStorm/_Characters/_SoldiersJumpers/UpdateHeroLocation.uasset" 505
"F:/_GITHUB/Unreal_ToyStory/GreenStorm/Content/_GreenStorm/_Characters/_SoldiersJumpers/BT_AI_Jumper.uasset" 506
"F:/_GITHUB/Unreal_ToyStory/GreenStorm/Content/_GreenStorm/_Materials/MAT_GreenPlastic.uasset" 507
"../../../Engine/Content/Functions/MaterialLayerFunctions/MatLayerBlend_NormalBlend.uasset" 508
"../../../Engine/Content/Functions/MaterialLayerFunctions/MatLayerBlend_Simple.uasset" 509
"F:/_GITHUB/Unreal_ToyStory/GreenStorm/Content/_TPS_Base/Mannequin/Character/Materials/MaterialLayers/T_ML_Rubber_Blue_01_D.uasset" 510
"F:/_GITHUB/Unreal_ToyStory/GreenStorm/Content/_TPS_Base/Mannequin/Character/Materials/MaterialLayers/T_ML_Rubber_Blue_01_N.uasset" 511
"F:/_GITHUB/Unreal_ToyStory/GreenStorm/Content/_TPS_Base/Mannequin/Character/Materials/MaterialLayers/ML_GlossyBlack_Latex_UE4.uasset" 512
"F:/_GITHUB/Unreal_ToyStory/GreenStorm/Content/_TPS_Base/Mannequin/Character/Materials/MaterialLayers/ML_Plastic_Shiny_Beige.uasset" 513
"F:/_GITHUB/Unreal_ToyStory/GreenStorm/Content/_TPS_Base/Mannequin/Character/Textures/UE4_LOGO_CARD.uasset" 514
"F:/_GITHUB/Unreal_ToyStory/GreenStorm/Content/_TPS_Base/Mannequin/Character/Materials/MaterialLayers/ML_Plastic_Shiny_Beige_LOGO.uasset" 515
"F:/_GITHUB/Unreal_ToyStory/GreenStorm/Content/_TPS_Base/Mannequin/Character/Materials/MaterialLayers/T_ML_Aluminum01.uasset" 516
"F:/_GITHUB/Unreal_ToyStory/GreenStorm/Content/_TPS_Base/Mannequin/Character/Materials/MaterialLayers/T_ML_Aluminum01_N.uasset" 517
"F:/_GITHUB/Unreal_ToyStory/GreenStorm/Content/_TPS_Base/Mannequin/Character/Materials/MaterialLayers/ML_SoftMetal_UE4.uasset" 518
"F:/_GITHUB/Unreal_ToyStory/GreenStorm/Content/_TPS_Base/Mannequin/Character/Textures/UE4_Mannequin__normals.uasset" 519
"F:/_GITHUB/Unreal_ToyStory/GreenStorm/Content/_TPS_Base/Mannequin/Character/Textures/UE4_Mannequin_MAT_MASKA.uasset" 520
"F:/_GITHUB/Unreal_ToyStory/GreenStorm/Content/_TPS_Base/Mannequin/Character/Materials/M_UE4Man_Body.uasset" 521
"F:/_GITHUB/Unreal_ToyStory/GreenStorm/Content/_TPS_Base/Mannequin/Character/Textures/UE4Man_Logo_N.uasset" 522
"F:/_GITHUB/Unreal_ToyStory/GreenStorm/Content/_TPS_Base/Mannequin/Character/Materials/M_UE4Man_ChestLogo.uasset" 523
"F:/_GITHUB/Unreal_ToyStory/GreenStorm/Content/_TPS_Base/Mannequin/Character/Mesh/SK_Mannequin_PhysicsAsset.uasset" 524
"F:/_GITHUB/Unreal_ToyStory/GreenStorm/Content/_TPS_Base/Mannequin/Character/Mesh/SK_Mannequin.uasset" 525
"F:/_GITHUB/Unreal_ToyStory/GreenStorm/Content/_GreenStorm/_Characters/_SoldiersJumpers/BP_AI_Jumper.uasset" 526
"F:/_GITHUB/Unreal_ToyStory/GreenStorm/Content/_GreenStorm/_imports/_Pictures/BatterieEmpty.uasset" 527
"F:/_GITHUB/Unreal_ToyStory/GreenStorm/Content/_GreenStorm/_imports/_Pictures/BatterieFull.uasset" 528
"F:/_GITHUB/Unreal_ToyStory/GreenStorm/Content/_GreenStorm/_UI/_HUD_Player.uasset" 529
"F:/_GITHUB/Unreal_ToyStory/GreenStorm/Content/_TPS_Base/ThirdPersonBP/Blueprints/ThirdPersonCharacter.uasset" 530
"F:/_GITHUB/Unreal_ToyStory/GreenStorm/Content/_GreenStorm/_Materials/MAT_Batterie_0.uasset" 531
"F:/_GITHUB/Unreal_ToyStory/GreenStorm/Content/_GreenStorm/_Materials/MAT_Batterie_1.uasset" 532
"F:/_GITHUB/Unreal_ToyStory/GreenStorm/Content/_GreenStorm/_Materials/MAT_Batterie_2.uasset" 533
"F:/_GITHUB/Unreal_ToyStory/GreenStorm/Content/_GreenStorm/_Materials/MAT_Outline.uasset" 534
"../../../Engine/Content/BasicShapes/Cylinder.uasset" 535
"F:/_GITHUB/Unreal_ToyStory/GreenStorm/Content/_GreenStorm/_interactive/COL_Batteries.uasset" 536
"../../../Engine/Content/EngineMaterials/MAT_EmissiveARROW.uasset" 537
"../../../Engine/Content/BasicShapes/Cone.uasset" 538
"../../../Engine/Content/Functions/Engine_MaterialFunctions01/Gradient/RadialGradient.uasset" 539
"F:/_GITHUB/Unreal_ToyStory/GreenStorm/Content/_TPS_Base/StarterContent/Particles/Materials/M_Radial_Gradient.uasset" 540
"F:/_GITHUB/Unreal_ToyStory/GreenStorm/Content/_TPS_Base/StarterContent/Textures/T_Smoke_SubUV.uasset" 541
"F:/_GITHUB/Unreal_ToyStory/GreenStorm/Content/_TPS_Base/StarterContent/Textures/T_Smoke_Tiled_D.uasset" 542
"F:/_GITHUB/Unreal_ToyStory/GreenStorm/Content/_TPS_Base/StarterContent/Particles/Materials/M_smoke_subUV.uasset" 543
"F:/_GITHUB/Unreal_ToyStory/GreenStorm/Content/_TPS_Base/StarterContent/Textures/T_Spark_Core.uasset" 544
"F:/_GITHUB/Unreal_ToyStory/GreenStorm/Content/_TPS_Base/StarterContent/Particles/Materials/M_Spark.uasset" 545
"F:/_GITHUB/Unreal_ToyStory/GreenStorm/Content/_TPS_Base/StarterContent/Particles/P_Sparks.uasset" 546
"F:/_GITHUB/Unreal_ToyStory/GreenStorm/Content/_GreenStorm/_interactive/Talkie_Blueprint.uasset" 547
"F:/_GITHUB/Unreal_ToyStory/GreenStorm/Content/_GreenStorm/_imports/_Pictures/6432d351946a4c2f2c510a019fdbba9c.uasset" 548
"F:/_GITHUB/Unreal_ToyStory/GreenStorm/Content/_GreenStorm/_imports/_Pictures/25416897647a22c72cdad5ef518ae627_Mat2.uasset" 549
"F:/_GITHUB/Unreal_ToyStory/GreenStorm/Content/_GreenStorm/_imports/_Pictures/7d07efbb80dc3ad37a85c239f699422d.uasset" 550
"F:/_GITHUB/Unreal_ToyStory/GreenStorm/Content/_GreenStorm/_imports/_Pictures/25416897647a22c72cdad5ef518ae627_Mat3.uasset" 551
"F:/_GITHUB/Unreal_ToyStory/GreenStorm/Content/_GreenStorm/_imports/_Pictures/ivan-tantsiura-f1ss.uasset" 552
"F:/_GITHUB/Unreal_ToyStory/GreenStorm/Content/_GreenStorm/_imports/_Pictures/25416897647a22c72cdad5ef518ae627_Mat4.uasset" 553
"F:/_GITHUB/Unreal_ToyStory/GreenStorm/Content/_GreenStorm/_imports/_Pictures/e73b5edbe0e332ac8f5fafb807ce6c56.uasset" 554
"F:/_GITHUB/Unreal_ToyStory/GreenStorm/Content/_GreenStorm/_imports/_Pictures/MAT_Kenobi.uasset" 555
"F:/_GITHUB/Unreal_ToyStory/GreenStorm/Content/_GreenStorm/_imports/_Pictures/a01f145199740f5f52ae360ad9bffc9d.uasset" 556
"F:/_GITHUB/Unreal_ToyStory/GreenStorm/Content/_GreenStorm/_imports/_Pictures/MAT_Lahaut.uasset" 557
"F:/_GITHUB/Unreal_ToyStory/GreenStorm/Content/_GreenStorm/_imports/_Pictures/e562c3fd56783e38f7eab4a8ac88376f.uasset" 558
"F:/_GITHUB/Unreal_ToyStory/GreenStorm/Content/_GreenStorm/_imports/_Pictures/MAT_Space2.uasset" 559
"F:/_GITHUB/Unreal_ToyStory/GreenStorm/Content/_GreenStorm/_Materials/MAT_Ampoule.uasset" 560
"F:/_GITHUB/Unreal_ToyStory/GreenStorm/Content/_GreenStorm/_Materials/MAT_Book1.uasset" 561
"F:/_GITHUB/Unreal_ToyStory/GreenStorm/Content/_GreenStorm/_Materials/MAT_Book2.uasset" 562
"F:/_GITHUB/Unreal_ToyStory/GreenStorm/Content/_GreenStorm/_Materials/MAT_Book3.uasset" 563
"F:/_GITHUB/Unreal_ToyStory/GreenStorm/Content/_GreenStorm/_Materials/MAT_Dark.uasset" 564
"F:/_GITHUB/Unreal_ToyStory/GreenStorm/Content/_GreenStorm/_Materials/MAT_OrangePlastci1.uasset" 565
"F:/_GITHUB/Unreal_ToyStory/GreenStorm/Content/_GreenStorm/_Materials/MAT_RedPlastci.uasset" 566
"F:/_GITHUB/Unreal_ToyStory/GreenStorm/Content/_GreenStorm/_Materials/MAT_YellowMetal.uasset" 567
"F:/_GITHUB/Unreal_ToyStory/GreenStorm/Content/_TPS_Base/StarterContent/Materials/M_Basic_Floor.uasset" 568
"F:/_GITHUB/Unreal_ToyStory/GreenStorm/Content/_TPS_Base/StarterContent/Materials/M_Metal_Brushed_Nickel.uasset" 569
"F:/_GITHUB/Unreal_ToyStory/GreenStorm/Content/_TPS_Base/StarterContent/Textures/T_Metal_Aluminum_D.uasset" 570
"F:/_GITHUB/Unreal_ToyStory/GreenStorm/Content/_TPS_Base/StarterContent/Materials/M_Metal_Burnished_Steel.uasset" 571
"F:/_GITHUB/Unreal_ToyStory/GreenStorm/Content/_TPS_Base/StarterContent/Materials/M_Metal_Chrome.uasset" 572
"F:/_GITHUB/Unreal_ToyStory/GreenStorm/Content/_TPS_Base/StarterContent/Textures/T_Wood_Oak_D.uasset" 573
"F:/_GITHUB/Unreal_ToyStory/GreenStorm/Content/_TPS_Base/StarterContent/Textures/T_Wood_Oak_N.uasset" 574
"F:/_GITHUB/Unreal_ToyStory/GreenStorm/Content/_TPS_Base/StarterContent/Materials/M_Wood_Oak.uasset" 575
"F:/_GITHUB/Unreal_ToyStory/GreenStorm/Content/_TPS_Base/StarterContent/Textures/T_Wood_Pine_D.uasset" 576
"F:/_GITHUB/Unreal_ToyStory/GreenStorm/Content/_TPS_Base/StarterContent/Textures/T_Wood_Pine_N.uasset" 577
"F:/_GITHUB/Unreal_ToyStory/GreenStorm/Content/_TPS_Base/StarterContent/Materials/M_Wood_Pine.uasset" 578
"F:/_GITHUB/Unreal_ToyStory/GreenStorm/Content/_TPS_Base/StarterContent/Materials/M_Wood_PineYellow.uasset" 579
"F:/_GITHUB/Unreal_ToyStory/GreenStorm/Content/_TPS_Base/StarterContent/Textures/T_Wood_Walnut_D.uasset" 580
"F:/_GITHUB/Unreal_ToyStory/GreenStorm/Content/_TPS_Base/StarterContent/Textures/T_Wood_Walnut_N.uasset" 581
"F:/_GITHUB/Unreal_ToyStory/GreenStorm/Content/_TPS_Base/StarterContent/Materials/M_Wood_Walnut.uasset" 582
"F:/_GITHUB/Unreal_ToyStory/GreenStorm/Content/_TPS_Base/StarterContent/Materials/MAT_Bed.uasset" 583
"F:/_GITHUB/Unreal_ToyStory/GreenStorm/Content/_TPS_Base/StarterContent/Materials/MAT_Bed1.uasset" 584
"../../../Engine/Content/BasicShapes/Cube.uasset" 585
"../../../Engine/Content/BasicShapes/Plane.uasset" 586
"../../../Engine/Content/BasicShapes/Sphere.uasset" 587
"F:/_GITHUB/Unreal_ToyStory/GreenStorm/Content/_GreenStorm/_Maps/ChambredAndy.umap" 588
